221221 20:27:47 #511 [   0.0001] >S< imp_a_check ID:511 instance:24
221221 20:27:47 #511 [   0.2412] >F<
221221 20:27:47 #511 [   0.2431] >E<
221221 20:27:47 #513 [   0.0002] >S< imp_c_index ID:513 instance:2
01 02 03 04 05 06 07 08 09 10 11 12 13 14 15 16 17 18 19 20 21 22 23 24 25 26 27 28 29 30 31 32 33 34 35 36 37 38 39 40 41 42 43 44 45 46 47 48 49 50 51 52 53 54 55 56 57 58 59 60 61 62 63 64 65 66 67 68 69 70 71 72 73 74 75 76 77 78 79 83 86 87 89 91 92 99 
221221 20:27:52 #513 [   4.2231] >F<
221221 20:27:52 #513 [   4.2243] >E<
221221 20:27:52 #514 [   0.0001] >S< imp_d_house ID:514 instance:1
221221 20:27:53 #514 [   1.7344] Extract: 01/AS_HOUSES_20221220_7c044290-d679-48d8-a425-5d2f3bc72b8d.XML ...
221221 20:27:54 #514 [   2.5826] Import 109.88Mb ...
..................................................
221221 20:29:18 #514 [  86.4534] Extract: 02/AS_HOUSES_20221220_2dc8b7e4-f44f-4e08-a69b-48c4731c2d95.XML ...
221221 20:29:23 #514 [  91.1634] Import 761.89Mb ...
..................................................
221221 20:41:33 #514 [ 821.7816] Extract: 03/AS_HOUSES_20221220_d002cd7d-da5e-474a-93c4-c11c118474a0.XML ...
221221 20:41:35 #514 [ 823.1185] Import 177.87Mb ...
..................................................
221221 20:44:24 #514 [ 992.0453] Extract: 04/AS_HOUSES_20221220_d0aaad54-f523-4707-8aad-62b18b587952.XML ...
221221 20:44:24 #514 [ 992.7919] Import 88.22Mb ...
..................................................
221221 20:45:27 #514 [1055.1104] Extract: 05/AS_HOUSES_20221220_7288bd23-9c4a-4c0f-8125-66e7d6097f3c.XML ...
221221 20:45:29 #514 [1057.1001] Import 322.57Mb ...
..................................................
221221 20:51:15 #514 [1403.3341] Extract: 06/AS_HOUSES_20221220_1a3070ee-b092-4acf-8263-2a900b8d26cb.XML ...
221221 20:51:16 #514 [1404.3458] Import 34.10Mb ...
..................................................
221221 20:52:05 #514 [1453.7543] Extract: 07/AS_HOUSES_20221220_9e567bac-380a-49cc-a20c-603a88d83310.XML ...
221221 20:52:06 #514 [1454.3710] Import 61.29Mb ...
..................................................
221221 20:53:49 #514 [1556.9712] Extract: 08/AS_HOUSES_20221220_c2d261f6-bbe9-446e-be64-2defbaae6b58.XML ...
221221 20:53:49 #514 [1557.4390] Import 38.93Mb ...
..................................................
221221 20:54:35 #514 [1603.4510] Extract: 09/AS_HOUSES_20221220_1057667b-930b-49e6-9e5f-3fa128e41463.XML ...
221221 20:54:36 #514 [1604.0716] Import 78.37Mb ...
..................................................
221221 20:55:52 #514 [1680.5074] Extract: 10/AS_HOUSES_20221220_9d5a9c8f-d27f-4edd-a11d-f57b83096023.XML ...
221221 20:55:53 #514 [1681.0586] Import 50.50Mb ...
..................................................
221221 20:56:54 #514 [1742.1169] Extract: 11/AS_HOUSES_20221220_420827b8-ffdc-4e33-9685-0200f286025f.XML ...
221221 20:56:55 #514 [1742.8673] Import 100.35Mb ...
..................................................
221221 20:58:37 #514 [1845.6189] Extract: 12/AS_HOUSES_20221220_d66a38a6-8bbb-4ecc-9697-2d0578815145.XML ...
221221 20:58:38 #514 [1846.5022] Import 126.90Mb ...
..................................................
221221 21:00:44 #514 [1972.2018] Extract: 13/AS_HOUSES_20221220_e81299d5-b538-4fa5-bdf4-904fa73ea849.XML ...
221221 21:00:45 #514 [1973.2355] Import 138.22Mb ...
..................................................
221221 21:03:23 #514 [2131.6826] Extract: 14/AS_HOUSES_20221220_be5d6bec-c638-45a4-956b-3000c6584462.XML ...
221221 21:03:24 #514 [2132.5665] Import 105.51Mb ...
..................................................
221221 21:05:31 #514 [2259.5641] Extract: 15/AS_HOUSES_20221220_731dbef5-8d8f-4ca6-be02-773db91c6eef.XML ...
221221 21:05:32 #514 [2260.2837] Import 91.97Mb ...
..........................................